# JRE version: Java(TM) SE Runtime Environment (8.0_65-b17) (build 1.8.0_65-b17)
# Java VM: Java HotSpot(TM) 64-Bit Server VM (25.65-b01 mixed mode windows-amd64 compressed oops)
Heap:
 PSYoungGen      total 261632K, used 157487K [0x00000000d6e00000, 0x00000000e7b80000, 0x0000000100000000)
  eden space 247296K, 63% used [0x00000000d6e00000,0x00000000e07cbf58,0x00000000e5f80000)
  from space 14336K, 0% used [0x00000000e6d80000,0x00000000e6d80000,0x00000000e7b80000)
  to   space 14336K, 0% used [0x00000000e5f80000,0x00000000e5f80000,0x00000000e6d80000)
 ParOldGen       total 71168K, used 18552K [0x0000000084a00000, 0x0000000088f80000, 0x00000000d6e00000)
  object space 71168K, 26% used [0x0000000084a00000,0x0000000085c1e290,0x0000000088f80000)
 Metaspace       used 40012K, capacity 40635K, committed 40704K, reserved 1085440K
  class space    used 4958K, capacity 5104K, committed 5120K, reserved 1048576K
GC Heap History (10 events):
Event: 444.040 GC heap before
{Heap before GC invocations=13 (full 3):
 PSYoungGen      total 254464K, used 881K [0x00000000d6e00000, 0x00000000e7b80000, 0x0000000100000000)
  eden space 241152K, 0% used [0x00000000d6e00000,0x00000000d6e00000,0x00000000e5980000)
  from space 13312K, 6% used [0x00000000e6780000,0x00000000e685c650,0x00000000e7480000)
  to   space 14336K, 0% used [0x00000000e5980000,0x00000000e5980000,0x00000000e6780000)
 ParOldGen       total 71168K, used 18240K [0x0000000084a00000, 0x0000000088f80000, 0x00000000d6e00000)
  object space 71168K, 25% used [0x0000000084a00000,0x0000000085bd03c0,0x0000000088f80000)
 Metaspace       used 37982K, capacity 38357K, committed 38784K, reserved 1083392K
  class space    used 4821K, capacity 4931K, committed 4992K, reserved 1048576K
Event: 444.228 GC heap after
Heap after GC invocations=13 (full 3):
 PSYoungGen      total 254464K, used 0K [0x00000000d6e00000, 0x00000000e7b80000, 0x0000000100000000)
  eden space 241152K, 0% used [0x00000000d6e00000,0x00000000d6e00000,0x00000000e5980000)
  from space 13312K, 0% used [0x00000000e6780000,0x00000000e6780000,0x00000000e7480000)
  to   space 14336K, 0% used [0x00000000e5980000,0x00000000e5980000,0x00000000e6780000)
 ParOldGen       total 71168K, used 17575K [0x0000000084a00000, 0x0000000088f80000, 0x00000000d6e00000)
  object space 71168K, 24% used [0x0000000084a00000,0x0000000085b29e48,0x0000000088f80000)
 Metaspace       used 37982K, capacity 38357K, committed 38784K, reserved 1083392K
  class space    used 4821K, capacity 4931K, committed 4992K, reserved 1048576K
}
Event: 455.283 GC heap before
{Heap before GC invocations=14 (full 3):
 PSYoungGen      total 254464K, used 145211K [0x00000000d6e00000, 0x00000000e7b80000, 0x0000000100000000)
  eden space 241152K, 60% used [0x00000000d6e00000,0x00000000dfbced78,0x00000000e5980000)
  from space 13312K, 0% used [0x00000000e6780000,0x00000000e6780000,0x00000000e7480000)
  to   space 14336K, 0% used [0x00000000e5980000,0x00000000e5980000,0x00000000e6780000)
 ParOldGen       total 71168K, used 17575K [0x0000000084a00000, 0x0000000088f80000, 0x00000000d6e00000)
  object space 71168K, 24% used [0x0000000084a00000,0x0000000085b29e48,0x0000000088f80000)
 Metaspace       used 38720K, capacity 39195K, committed 39552K, reserved 1083392K
  class space    used 4861K, capacity 4985K, committed 4992K, reserved 1048576K
Event: 455.289 GC heap after
Heap after GC invocations=14 (full 3):
 PSYoungGen      total 255488K, used 2854K [0x00000000d6e00000, 0x00000000e7b80000, 0x0000000100000000)
  eden space 241152K, 0% used [0x00000000d6e00000,0x00000000d6e00000,0x00000000e5980000)
  from space 14336K, 19% used [0x00000000e5980000,0x00000000e5c49960,0x00000000e6780000)
  to   space 14336K, 0% used [0x00000000e6d80000,0x00000000e6d80000,0x00000000e7b80000)
 ParOldGen       total 71168K, used 17583K [0x0000000084a00000, 0x0000000088f80000, 0x00000000d6e00000)
  object space 71168K, 24% used [0x0000000084a00000,0x0000000085b2be48,0x0000000088f80000)
 Metaspace       used 38720K, capacity 39195K, committed 39552K, reserved 1083392K
  class space    used 4861K, capacity 4985K, committed 4992K, reserved 1048576K
}
Event: 455.289 GC heap before
{Heap before GC invocations=15 (full 4):
 PSYoungGen      total 255488K, used 2854K [0x00000000d6e00000, 0x00000000e7b80000, 0x0000000100000000)
  eden space 241152K, 0% used [0x00000000d6e00000,0x00000000d6e00000,0x00000000e5980000)
  from space 14336K, 19% used [0x00000000e5980000,0x00000000e5c49960,0x00000000e6780000)
  to   space 14336K, 0% used [0x00000000e6d80000,0x00000000e6d80000,0x00000000e7b80000)
 ParOldGen       total 71168K, used 17583K [0x0000000084a00000, 0x0000000088f80000, 0x00000000d6e00000)
  object space 71168K, 24% used [0x0000000084a00000,0x0000000085b2be48,0x0000000088f80000)
 Metaspace       used 38720K, capacity 39195K, committed 39552K, reserved 1083392K
  class space    used 4861K, capacity 4985K, committed 4992K, reserved 1048576K
Event: 455.439 GC heap after
Heap after GC invocations=15 (full 4):
 PSYoungGen      total 255488K, used 0K [0x00000000d6e00000, 0x00000000e7b80000, 0x0000000100000000)
  eden space 241152K, 0% used [0x00000000d6e00000,0x00000000d6e00000,0x00000000e5980000)
  from space 14336K, 0% used [0x00000000e5980000,0x00000000e5980000,0x00000000e6780000)
  to   space 14336K, 0% used [0x00000000e6d80000,0x00000000e6d80000,0x00000000e7b80000)
 ParOldGen       total 71168K, used 18454K [0x0000000084a00000, 0x0000000088f80000, 0x00000000d6e00000)
  object space 71168K, 25% used [0x0000000084a00000,0x0000000085c05a28,0x0000000088f80000)
 Metaspace       used 38718K, capacity 39189K, committed 39552K, reserved 1083392K
  class space    used 4860K, capacity 4983K, committed 4992K, reserved 1048576K
}
Event: 468.674 GC heap before
{Heap before GC invocations=16 (full 4):
 PSYoungGen      total 255488K, used 145998K [0x00000000d6e00000, 0x00000000e7b80000, 0x0000000100000000)
  eden space 241152K, 60% used [0x00000000d6e00000,0x00000000dfc93840,0x00000000e5980000)
  from space 14336K, 0% used [0x00000000e5980000,0x00000000e5980000,0x00000000e6780000)
  to   space 14336K, 0% used [0x00000000e6d80000,0x00000000e6d80000,0x00000000e7b80000)
 ParOldGen       total 71168K, used 18454K [0x0000000084a00000, 0x0000000088f80000, 0x00000000d6e00000)
  object space 71168K, 25% used [0x0000000084a00000,0x0000000085c05a28,0x0000000088f80000)
 Metaspace       used 39388K, capacity 39839K, committed 40192K, reserved 1085440K
  class space    used 4896K, capacity 5027K, committed 5120K, reserved 1048576K
Event: 468.679 GC heap after
Heap after GC invocations=16 (full 4):
 PSYoungGen      total 261632K, used 2822K [0x00000000d6e00000, 0x00000000e7b80000, 0x0000000100000000)
  eden space 247296K, 0% used [0x00000000d6e00000,0x00000000d6e00000,0x00000000e5f80000)
  from space 14336K, 19% used [0x00000000e6d80000,0x00000000e7041960,0x00000000e7b80000)
  to   space 14336K, 0% used [0x00000000e5f80000,0x00000000e5f80000,0x00000000e6d80000)
 ParOldGen       total 71168K, used 18462K [0x0000000084a00000, 0x0000000088f80000, 0x00000000d6e00000)
  object space 71168K, 25% used [0x0000000084a00000,0x0000000085c07a28,0x0000000088f80000)
 Metaspace       used 39388K, capacity 39839K, committed 40192K, reserved 1085440K
  class space    used 4896K, capacity 5027K, committed 5120K, reserved 1048576K
}
Event: 468.679 GC heap before
{Heap before GC invocations=17 (full 5):
 PSYoungGen      total 261632K, used 2822K [0x00000000d6e00000, 0x00000000e7b80000, 0x0000000100000000)
  eden space 247296K, 0% used [0x00000000d6e00000,0x00000000d6e00000,0x00000000e5f80000)
  from space 14336K, 19% used [0x00000000e6d80000,0x00000000e7041960,0x00000000e7b80000)
  to   space 14336K, 0% used [0x00000000e5f80000,0x00000000e5f80000,0x00000000e6d80000)
 ParOldGen       total 71168K, used 18462K [0x0000000084a00000, 0x0000000088f80000, 0x00000000d6e00000)
  object space 71168K, 25% used [0x0000000084a00000,0x0000000085c07a28,0x0000000088f80000)
 Metaspace       used 39388K, capacity 39839K, committed 40192K, reserved 1085440K
  class space    used 4896K, capacity 5027K, committed 5120K, reserved 1048576K
Event: 468.788 GC heap after
Heap after GC invocations=17 (full 5):
 PSYoungGen      total 261632K, used 0K [0x00000000d6e00000, 0x00000000e7b80000, 0x0000000100000000)
  eden space 247296K, 0% used [0x00000000d6e00000,0x00000000d6e00000,0x00000000e5f80000)
  from space 14336K, 0% used [0x00000000e6d80000,0x00000000e6d80000,0x00000000e7b80000)
  to   space 14336K, 0% used [0x00000000e5f80000,0x00000000e5f80000,0x00000000e6d80000)
 ParOldGen       total 71168K, used 18552K [0x0000000084a00000, 0x0000000088f80000, 0x00000000d6e00000)
  object space 71168K, 26% used [0x0000000084a00000,0x0000000085c1e290,0x0000000088f80000)
 Metaspace       used 39386K, capacity 39833K, committed 40192K, reserved 1085440K
  class space    used 4896K, capacity 5025K, committed 5120K, reserved 1048576K
}

